[0.009s] Invoking command in '/home/zyf/crazyflies/group-crazyflie-1/test/sim_test/CrazySim/ros2_ws/build/crazyflie_interfaces': CMAKE_PREFIX_PATH=/opt/ros/humble /usr/bin/cmake --build /home/zyf/crazyflies/group-crazyflie-1/test/sim_test/CrazySim/ros2_ws/build/crazyflie_interfaces -- -j16 -l16
[0.055s] failed to create symbolic link '/home/zyf/crazyflies/group-crazyflie-1/test/sim_test/CrazySim/ros2_ws/build/crazyflie_interfaces/ament_cmake_python/crazyflie_interfaces/crazyflie_interfaces' because existing path cannot be removed: Is a directory
[0.055s] [  0%] Built target crazyflie_interfaces__cpp
[0.055s] gmake[2]: *** [CMakeFiles/ament_cmake_python_symlink_crazyflie_interfaces.dir/build.make:70: CMakeFiles/ament_cmake_python_symlink_crazyflie_interfaces] Error 1
[0.056s] gmake[1]: *** [CMakeFiles/Makefile2:421: CMakeFiles/ament_cmake_python_symlink_crazyflie_interfaces.dir/all] Error 2
[0.056s] gmake[1]: *** Waiting for unfinished jobs....
[0.059s] [ 12%] Built target crazyflie_interfaces__rosidl_generator_c
[0.068s] [35m[1mConsolidate compiler generated dependencies of target crazyflie_interfaces__rosidl_typesupport_cpp[0m
[0.092s] [ 24%] Built target crazyflie_interfaces__rosidl_typesupport_cpp
[0.093s] gmake: *** [Makefile:146: all] Error 2
[0.096s] Invoked command in '/home/zyf/crazyflies/group-crazyflie-1/test/sim_test/CrazySim/ros2_ws/build/crazyflie_interfaces' returned '2': CMAKE_PREFIX_PATH=/opt/ros/humble /usr/bin/cmake --build /home/zyf/crazyflies/group-crazyflie-1/test/sim_test/CrazySim/ros2_ws/build/crazyflie_interfaces -- -j16 -l16
