[  2%] Built target motion_capture_tracking_interfaces__cpp
[ 12%] Built target motion_capture_tracking_interfaces__rosidl_generator_c
failed to create symbolic link '/home/zyf/crazyflies/group-crazyflie-1/test/sim_test/CrazySim/ros2_ws/build/motion_capture_tracking_interfaces/ament_cmake_python/motion_capture_tracking_interfaces/motion_capture_tracking_interfaces' because existing path cannot be removed: Is a directory
gmake[2]: *** [CMakeFiles/ament_cmake_python_symlink_motion_capture_tracking_interfaces.dir/build.make:70: CMakeFiles/ament_cmake_python_symlink_motion_capture_tracking_interfaces] Error 1
gmake[1]: *** [CMakeFiles/Makefile2:421: CMakeFiles/ament_cmake_python_symlink_motion_capture_tracking_interfaces.dir/all] Error 2
gmake[1]: *** Waiting for unfinished jobs....
[35m[1mConsolidate compiler generated dependencies of target motion_capture_tracking_interfaces__rosidl_typesupport_introspection_c[0m
[35m[1mConsolidate compiler generated dependencies of target motion_capture_tracking_interfaces__rosidl_typesupport_cpp[0m
[35m[1mConsolidate compiler generated dependencies of target motion_capture_tracking_interfaces__rosidl_typesupport_fastrtps_cpp[0m
[ 33%] Built target motion_capture_tracking_interfaces__rosidl_typesupport_cpp
[ 33%] Built target motion_capture_tracking_interfaces__rosidl_typesupport_introspection_c
[ 43%] Built target motion_capture_tracking_interfaces__rosidl_typesupport_fastrtps_cpp
gmake: *** [Makefile:146: all] Error 2
