[0.008s] Invoking command in '/home/zyf/crazyflies/group-crazyflie-1/test/sim_test/CrazySim/ros2_ws/build/motion_capture_tracking_interfaces': CMAKE_PREFIX_PATH=/opt/ros/humble /usr/bin/cmake --build /home/zyf/crazyflies/group-crazyflie-1/test/sim_test/CrazySim/ros2_ws/build/motion_capture_tracking_interfaces -- -j16 -l16
[0.051s] [  2%] Built target motion_capture_tracking_interfaces__cpp
[0.051s] [ 12%] Built target motion_capture_tracking_interfaces__rosidl_generator_c
[0.051s] failed to create symbolic link '/home/zyf/crazyflies/group-crazyflie-1/test/sim_test/CrazySim/ros2_ws/build/motion_capture_tracking_interfaces/ament_cmake_python/motion_capture_tracking_interfaces/motion_capture_tracking_interfaces' because existing path cannot be removed: Is a directory
[0.052s] gmake[2]: *** [CMakeFiles/ament_cmake_python_symlink_motion_capture_tracking_interfaces.dir/build.make:70: CMakeFiles/ament_cmake_python_symlink_motion_capture_tracking_interfaces] Error 1
[0.052s] gmake[1]: *** [CMakeFiles/Makefile2:421: CMakeFiles/ament_cmake_python_symlink_motion_capture_tracking_interfaces.dir/all] Error 2
[0.052s] gmake[1]: *** Waiting for unfinished jobs....
[0.060s] [35m[1mConsolidate compiler generated dependencies of target motion_capture_tracking_interfaces__rosidl_typesupport_introspection_c[0m
[0.060s] [35m[1mConsolidate compiler generated dependencies of target motion_capture_tracking_interfaces__rosidl_typesupport_cpp[0m
[0.060s] [35m[1mConsolidate compiler generated dependencies of target motion_capture_tracking_interfaces__rosidl_typesupport_fastrtps_cpp[0m
[0.071s] [ 33%] Built target motion_capture_tracking_interfaces__rosidl_typesupport_cpp
[0.071s] [ 33%] Built target motion_capture_tracking_interfaces__rosidl_typesupport_introspection_c
[0.072s] [ 43%] Built target motion_capture_tracking_interfaces__rosidl_typesupport_fastrtps_cpp
[0.073s] gmake: *** [Makefile:146: all] Error 2
[0.075s] Invoked command in '/home/zyf/crazyflies/group-crazyflie-1/test/sim_test/CrazySim/ros2_ws/build/motion_capture_tracking_interfaces' returned '2': CMAKE_PREFIX_PATH=/opt/ros/humble /usr/bin/cmake --build /home/zyf/crazyflies/group-crazyflie-1/test/sim_test/CrazySim/ros2_ws/build/motion_capture_tracking_interfaces -- -j16 -l16
